{"/Users/misbach/git/social/controllers/routes.js":{"path":"/Users/misbach/git/social/controllers/routes.js","s":{"1":1,"2":1,"3":1,"4":0,"5":0,"6":0,"7":0,"8":0,"9":0,"10":0,"11":0,"12":0,"13":0,"14":0,"15":0,"16":0,"17":0,"18":0,"19":0,"20":0,"21":0,"22":0,"23":0,"24":0,"25":0,"26":0,"27":0,"28":0,"29":0,"30":0,"31":0,"32":0,"33":0,"34":0,"35":0,"36":0,"37":0,"38":0,"39":0,"40":0,"41":0,"42":0,"43":0,"44":0,"45":0,"46":0,"47":0,"48":0,"49":0,"50":0,"51":0,"52":0,"53":0,"54":0,"55":0,"56":0,"57":0,"58":0,"59":0,"60":0,"61":0,"62":0,"63":0,"64":0,"65":0,"66":0,"67":0,"68":0,"69":0,"70":0,"71":0,"72":0,"73":0,"74":0,"75":0,"76":0,"77":0,"78":0,"79":0,"80":0,"81":0,"82":0,"83":0,"84":0,"85":0,"86":0,"87":0,"88":0,"89":0,"90":0,"91":0,"92":0,"93":0,"94":0,"95":0,"96":0,"97":0,"98":0,"99":0,"100":0,"101":0,"102":0,"103":0,"104":0,"105":0,"106":0,"107":0,"108":0,"109":0,"110":0,"111":0,"112":0,"113":0,"114":0,"115":0,"116":0,"117":0,"118":0,"119":0,"120":0,"121":0,"122":0,"123":0,"124":0,"125":0,"126":0,"127":0,"128":0,"129":0,"130":0,"131":0,"132":0,"133":0,"134":0,"135":0,"136":0,"137":0,"138":0,"139":0,"140":0,"141":0,"142":0,"143":0,"144":0,"145":0,"146":0,"147":0,"148":0,"149":0,"150":0,"151":0,"152":0,"153":0,"154":0,"155":0,"156":0,"157":0,"158":0,"159":0},"b":{"1":[0,0],"2":[0,0],"3":[0,0],"4":[0,0],"5":[0,0],"6":[0,0],"7":[0,0],"8":[0,0],"9":[0,0],"10":[0,0],"11":[0,0],"12":[0,0],"13":[0,0],"14":[0,0],"15":[0,0],"16":[0,0],"17":[0,0],"18":[0,0],"19":[0,0],"20":[0,0],"21":[0,0],"22":[0,0],"23":[0,0],"24":[0,0],"25":[0,0],"26":[0,0],"27":[0,0],"28":[0,0],"29":[0,0],"30":[0,0],"31":[0,0],"32":[0,0],"33":[0,0],"34":[0,0],"35":[0,0],"36":[0,0],"37":[0,0],"38":[0,0]},"f":{"1":0,"2":0,"3":0,"4":0,"5":0,"6":0,"7":0,"8":0,"9":0,"10":0,"11":0,"12":0,"13":0,"14":0,"15":0,"16":0,"17":0,"18":0,"19":0,"20":0,"21":0,"22":0,"23":0,"24":0,"25":0,"26":0,"27":0,"28":0,"29":0,"30":0,"31":0,"32":0},"fnMap":{"1":{"name":"(anonymous_1)","line":18,"loc":{"start":{"line":18,"column":38},"end":{"line":18,"column":58}}},"2":{"name":"(anonymous_2)","line":23,"loc":{"start":{"line":23,"column":17},"end":{"line":23,"column":31}}},"3":{"name":"(anonymous_3)","line":25,"loc":{"start":{"line":25,"column":35},"end":{"line":25,"column":60}}},"4":{"name":"(anonymous_4)","line":50,"loc":{"start":{"line":50,"column":27},"end":{"line":50,"column":52}}},"5":{"name":"(anonymous_5)","line":53,"loc":{"start":{"line":53,"column":50},"end":{"line":53,"column":70}}},"6":{"name":"(anonymous_6)","line":63,"loc":{"start":{"line":63,"column":26},"end":{"line":63,"column":51}}},"7":{"name":"(anonymous_7)","line":67,"loc":{"start":{"line":67,"column":11},"end":{"line":67,"column":35}}},"8":{"name":"(anonymous_8)","line":75,"loc":{"start":{"line":75,"column":15},"end":{"line":75,"column":39}}},"9":{"name":"(anonymous_9)","line":88,"loc":{"start":{"line":88,"column":24},"end":{"line":88,"column":44}}},"10":{"name":"(anonymous_10)","line":93,"loc":{"start":{"line":93,"column":40},"end":{"line":93,"column":65}}},"11":{"name":"(anonymous_11)","line":109,"loc":{"start":{"line":109,"column":25},"end":{"line":109,"column":49}}},"12":{"name":"(anonymous_12)","line":136,"loc":{"start":{"line":136,"column":41},"end":{"line":136,"column":66}}},"13":{"name":"(anonymous_13)","line":142,"loc":{"start":{"line":142,"column":51},"end":{"line":142,"column":71}}},"14":{"name":"(anonymous_14)","line":151,"loc":{"start":{"line":151,"column":15},"end":{"line":151,"column":39}}},"15":{"name":"(anonymous_15)","line":159,"loc":{"start":{"line":159,"column":19},"end":{"line":159,"column":43}}},"16":{"name":"(anonymous_16)","line":166,"loc":{"start":{"line":166,"column":52},"end":{"line":166,"column":72}}},"17":{"name":"(anonymous_17)","line":172,"loc":{"start":{"line":172,"column":33},"end":{"line":172,"column":52}}},"18":{"name":"(anonymous_18)","line":182,"loc":{"start":{"line":182,"column":76},"end":{"line":182,"column":96}}},"19":{"name":"(anonymous_19)","line":188,"loc":{"start":{"line":188,"column":35},"end":{"line":188,"column":54}}},"20":{"name":"(anonymous_20)","line":210,"loc":{"start":{"line":210,"column":48},"end":{"line":210,"column":73}}},"21":{"name":"(anonymous_21)","line":215,"loc":{"start":{"line":215,"column":39},"end":{"line":215,"column":59}}},"22":{"name":"(anonymous_22)","line":226,"loc":{"start":{"line":226,"column":39},"end":{"line":226,"column":59}}},"23":{"name":"(anonymous_23)","line":239,"loc":{"start":{"line":239,"column":25},"end":{"line":239,"column":50}}},"24":{"name":"(anonymous_24)","line":241,"loc":{"start":{"line":241,"column":63},"end":{"line":241,"column":83}}},"25":{"name":"(anonymous_25)","line":251,"loc":{"start":{"line":251,"column":29},"end":{"line":251,"column":54}}},"26":{"name":"(anonymous_26)","line":254,"loc":{"start":{"line":254,"column":48},"end":{"line":254,"column":68}}},"27":{"name":"(anonymous_27)","line":264,"loc":{"start":{"line":264,"column":25},"end":{"line":264,"column":50}}},"28":{"name":"(anonymous_28)","line":267,"loc":{"start":{"line":267,"column":39},"end":{"line":267,"column":59}}},"29":{"name":"(anonymous_29)","line":271,"loc":{"start":{"line":271,"column":19},"end":{"line":271,"column":38}}},"30":{"name":"(anonymous_30)","line":284,"loc":{"start":{"line":284,"column":32},"end":{"line":284,"column":57}}},"31":{"name":"(anonymous_31)","line":288,"loc":{"start":{"line":288,"column":28},"end":{"line":288,"column":53}}},"32":{"name":"(anonymous_32)","line":295,"loc":{"start":{"line":295,"column":13},"end":{"line":295,"column":32}}}},"statementMap":{"1":{"start":{"line":2,"column":0},"end":{"line":2,"column":36}},"2":{"start":{"line":3,"column":0},"end":{"line":3,"column":26}},"3":{"start":{"line":4,"column":0},"end":{"line":4,"column":51}},"4":{"start":{"line":5,"column":0},"end":{"line":5,"column":65}},"5":{"start":{"line":8,"column":0},"end":{"line":8,"column":159}},"6":{"start":{"line":9,"column":0},"end":{"line":9,"column":53}},"7":{"start":{"line":10,"column":0},"end":{"line":10,"column":145}},"8":{"start":{"line":11,"column":0},"end":{"line":11,"column":53}},"9":{"start":{"line":12,"column":0},"end":{"line":12,"column":115}},"10":{"start":{"line":13,"column":0},"end":{"line":13,"column":49}},"11":{"start":{"line":15,"column":0},"end":{"line":15,"column":30}},"12":{"start":{"line":18,"column":0},"end":{"line":21,"column":3}},"13":{"start":{"line":19,"column":2},"end":{"line":20,"column":62}},"14":{"start":{"line":19,"column":13},"end":{"line":19,"column":46}},"15":{"start":{"line":20,"column":9},"end":{"line":20,"column":60}},"16":{"start":{"line":23,"column":0},"end":{"line":303,"column":2}},"17":{"start":{"line":25,"column":2},"end":{"line":43,"column":5}},"18":{"start":{"line":26,"column":4},"end":{"line":26,"column":78}},"19":{"start":{"line":27,"column":4},"end":{"line":27,"column":51}},"20":{"start":{"line":28,"column":4},"end":{"line":28,"column":93}},"21":{"start":{"line":31,"column":4},"end":{"line":31,"column":76}},"22":{"start":{"line":32,"column":4},"end":{"line":32,"column":121}},"23":{"start":{"line":34,"column":4},"end":{"line":34,"column":72}},"24":{"start":{"line":35,"column":4},"end":{"line":42,"column":7}},"25":{"start":{"line":50,"column":2},"end":{"line":60,"column":5}},"26":{"start":{"line":51,"column":4},"end":{"line":51,"column":99}},"27":{"start":{"line":52,"column":4},"end":{"line":52,"column":58}},"28":{"start":{"line":53,"column":4},"end":{"line":59,"column":7}},"29":{"start":{"line":54,"column":6},"end":{"line":58,"column":7}},"30":{"start":{"line":55,"column":8},"end":{"line":55,"column":45}},"31":{"start":{"line":57,"column":8},"end":{"line":57,"column":41}},"32":{"start":{"line":63,"column":2},"end":{"line":133,"column":5}},"33":{"start":{"line":65,"column":4},"end":{"line":132,"column":9}},"34":{"start":{"line":68,"column":8},"end":{"line":68,"column":34}},"35":{"start":{"line":68,"column":17},"end":{"line":68,"column":34}},"36":{"start":{"line":69,"column":8},"end":{"line":69,"column":50}},"37":{"start":{"line":72,"column":8},"end":{"line":131,"column":13}},"38":{"start":{"line":76,"column":12},"end":{"line":76,"column":38}},"39":{"start":{"line":76,"column":21},"end":{"line":76,"column":38}},"40":{"start":{"line":77,"column":12},"end":{"line":77,"column":56}},"41":{"start":{"line":78,"column":12},"end":{"line":78,"column":223}},"42":{"start":{"line":80,"column":12},"end":{"line":86,"column":14}},"43":{"start":{"line":87,"column":12},"end":{"line":87,"column":46}},"44":{"start":{"line":88,"column":12},"end":{"line":130,"column":15}},"45":{"start":{"line":89,"column":14},"end":{"line":129,"column":15}},"46":{"start":{"line":90,"column":16},"end":{"line":90,"column":35}},"47":{"start":{"line":93,"column":16},"end":{"line":113,"column":19}},"48":{"start":{"line":94,"column":18},"end":{"line":94,"column":41}},"49":{"start":{"line":95,"column":18},"end":{"line":95,"column":51}},"50":{"start":{"line":95,"column":27},"end":{"line":95,"column":51}},"51":{"start":{"line":96,"column":18},"end":{"line":96,"column":76}},"52":{"start":{"line":97,"column":18},"end":{"line":104,"column":20}},"53":{"start":{"line":105,"column":18},"end":{"line":112,"column":23}},"54":{"start":{"line":110,"column":22},"end":{"line":111,"column":54}},"55":{"start":{"line":110,"column":31},"end":{"line":111,"column":22}},"56":{"start":{"line":111,"column":27},"end":{"line":111,"column":54}},"57":{"start":{"line":128,"column":16},"end":{"line":128,"column":35}},"58":{"start":{"line":136,"column":2},"end":{"line":207,"column":5}},"59":{"start":{"line":138,"column":4},"end":{"line":138,"column":106}},"60":{"start":{"line":138,"column":44},"end":{"line":138,"column":106}},"61":{"start":{"line":140,"column":4},"end":{"line":140,"column":51}},"62":{"start":{"line":142,"column":4},"end":{"line":206,"column":7}},"63":{"start":{"line":143,"column":6},"end":{"line":205,"column":7}},"64":{"start":{"line":144,"column":8},"end":{"line":144,"column":34}},"65":{"start":{"line":146,"column":8},"end":{"line":146,"column":73}},"66":{"start":{"line":146,"column":29},"end":{"line":146,"column":73}},"67":{"start":{"line":148,"column":8},"end":{"line":204,"column":13}},"68":{"start":{"line":152,"column":12},"end":{"line":152,"column":38}},"69":{"start":{"line":152,"column":21},"end":{"line":152,"column":38}},"70":{"start":{"line":153,"column":12},"end":{"line":153,"column":54}},"71":{"start":{"line":156,"column":12},"end":{"line":203,"column":17}},"72":{"start":{"line":160,"column":16},"end":{"line":160,"column":42}},"73":{"start":{"line":160,"column":25},"end":{"line":160,"column":42}},"74":{"start":{"line":161,"column":16},"end":{"line":161,"column":60}},"75":{"start":{"line":162,"column":16},"end":{"line":162,"column":227}},"76":{"start":{"line":165,"column":16},"end":{"line":165,"column":151}},"77":{"start":{"line":166,"column":16},"end":{"line":202,"column":19}},"78":{"start":{"line":168,"column":18},"end":{"line":178,"column":19}},"79":{"start":{"line":169,"column":20},"end":{"line":169,"column":98}},"80":{"start":{"line":170,"column":20},"end":{"line":170,"column":52}},"81":{"start":{"line":171,"column":20},"end":{"line":171,"column":54}},"82":{"start":{"line":172,"column":20},"end":{"line":174,"column":23}},"83":{"start":{"line":173,"column":22},"end":{"line":173,"column":50}},"84":{"start":{"line":173,"column":31},"end":{"line":173,"column":50}},"85":{"start":{"line":176,"column":20},"end":{"line":176,"column":48}},"86":{"start":{"line":177,"column":20},"end":{"line":177,"column":31}},"87":{"start":{"line":181,"column":18},"end":{"line":181,"column":166}},"88":{"start":{"line":182,"column":18},"end":{"line":195,"column":21}},"89":{"start":{"line":184,"column":20},"end":{"line":194,"column":21}},"90":{"start":{"line":185,"column":22},"end":{"line":185,"column":113}},"91":{"start":{"line":186,"column":22},"end":{"line":186,"column":55}},"92":{"start":{"line":187,"column":22},"end":{"line":187,"column":56}},"93":{"start":{"line":188,"column":22},"end":{"line":190,"column":25}},"94":{"start":{"line":189,"column":24},"end":{"line":189,"column":52}},"95":{"start":{"line":189,"column":33},"end":{"line":189,"column":52}},"96":{"start":{"line":192,"column":22},"end":{"line":192,"column":51}},"97":{"start":{"line":193,"column":22},"end":{"line":193,"column":33}},"98":{"start":{"line":198,"column":18},"end":{"line":198,"column":69}},"99":{"start":{"line":201,"column":18},"end":{"line":201,"column":127}},"100":{"start":{"line":210,"column":2},"end":{"line":236,"column":5}},"101":{"start":{"line":211,"column":4},"end":{"line":211,"column":50}},"102":{"start":{"line":212,"column":4},"end":{"line":212,"column":44}},"103":{"start":{"line":215,"column":4},"end":{"line":223,"column":7}},"104":{"start":{"line":216,"column":6},"end":{"line":216,"column":51}},"105":{"start":{"line":216,"column":15},"end":{"line":216,"column":51}},"106":{"start":{"line":217,"column":6},"end":{"line":221,"column":7}},"107":{"start":{"line":218,"column":8},"end":{"line":220,"column":9}},"108":{"start":{"line":219,"column":10},"end":{"line":219,"column":83}},"109":{"start":{"line":219,"column":59},"end":{"line":219,"column":83}},"110":{"start":{"line":222,"column":6},"end":{"line":222,"column":17}},"111":{"start":{"line":226,"column":4},"end":{"line":234,"column":7}},"112":{"start":{"line":227,"column":6},"end":{"line":227,"column":51}},"113":{"start":{"line":227,"column":15},"end":{"line":227,"column":51}},"114":{"start":{"line":228,"column":6},"end":{"line":232,"column":7}},"115":{"start":{"line":229,"column":8},"end":{"line":231,"column":9}},"116":{"start":{"line":230,"column":10},"end":{"line":230,"column":83}},"117":{"start":{"line":230,"column":59},"end":{"line":230,"column":83}},"118":{"start":{"line":233,"column":6},"end":{"line":233,"column":17}},"119":{"start":{"line":235,"column":4},"end":{"line":235,"column":25}},"120":{"start":{"line":239,"column":2},"end":{"line":248,"column":5}},"121":{"start":{"line":240,"column":4},"end":{"line":240,"column":58}},"122":{"start":{"line":241,"column":4},"end":{"line":247,"column":7}},"123":{"start":{"line":242,"column":6},"end":{"line":246,"column":7}},"124":{"start":{"line":243,"column":8},"end":{"line":243,"column":39}},"125":{"start":{"line":245,"column":8},"end":{"line":245,"column":38}},"126":{"start":{"line":251,"column":2},"end":{"line":261,"column":5}},"127":{"start":{"line":252,"column":4},"end":{"line":252,"column":99}},"128":{"start":{"line":253,"column":4},"end":{"line":253,"column":53}},"129":{"start":{"line":254,"column":4},"end":{"line":260,"column":7}},"130":{"start":{"line":255,"column":6},"end":{"line":259,"column":7}},"131":{"start":{"line":256,"column":8},"end":{"line":256,"column":54}},"132":{"start":{"line":258,"column":8},"end":{"line":258,"column":43}},"133":{"start":{"line":264,"column":2},"end":{"line":281,"column":5}},"134":{"start":{"line":265,"column":4},"end":{"line":265,"column":51}},"135":{"start":{"line":266,"column":4},"end":{"line":266,"column":53}},"136":{"start":{"line":267,"column":4},"end":{"line":280,"column":7}},"137":{"start":{"line":268,"column":6},"end":{"line":279,"column":7}},"138":{"start":{"line":269,"column":8},"end":{"line":269,"column":68}},"139":{"start":{"line":270,"column":8},"end":{"line":270,"column":40}},"140":{"start":{"line":271,"column":8},"end":{"line":274,"column":11}},"141":{"start":{"line":272,"column":10},"end":{"line":272,"column":38}},"142":{"start":{"line":272,"column":19},"end":{"line":272,"column":38}},"143":{"start":{"line":273,"column":10},"end":{"line":273,"column":39}},"144":{"start":{"line":273,"column":20},"end":{"line":273,"column":39}},"145":{"start":{"line":276,"column":8},"end":{"line":276,"column":37}},"146":{"start":{"line":277,"column":8},"end":{"line":277,"column":19}},"147":{"start":{"line":278,"column":8},"end":{"line":278,"column":22}},"148":{"start":{"line":284,"column":2},"end":{"line":301,"column":5}},"149":{"start":{"line":285,"column":4},"end":{"line":285,"column":99}},"150":{"start":{"line":288,"column":4},"end":{"line":300,"column":7}},"151":{"start":{"line":289,"column":6},"end":{"line":289,"column":39}},"152":{"start":{"line":289,"column":15},"end":{"line":289,"column":39}},"153":{"start":{"line":290,"column":6},"end":{"line":290,"column":64}},"154":{"start":{"line":291,"column":6},"end":{"line":291,"column":33}},"155":{"start":{"line":292,"column":6},"end":{"line":299,"column":11}},"156":{"start":{"line":296,"column":10},"end":{"line":297,"column":37}},"157":{"start":{"line":296,"column":37},"end":{"line":297,"column":10}},"158":{"start":{"line":297,"column":15},"end":{"line":297,"column":37}},"159":{"start":{"line":298,"column":10},"end":{"line":298,"column":45}}},"branchMap":{"1":{"line":19,"type":"if","locations":[{"start":{"line":19,"column":2},"end":{"line":19,"column":2}},{"start":{"line":19,"column":2},"end":{"line":19,"column":2}}]},"2":{"line":26,"type":"cond-expr","locations":[{"start":{"line":26,"column":37},"end":{"line":26,"column":55}},{"start":{"line":26,"column":58},"end":{"line":26,"column":77}}]},"3":{"line":27,"type":"cond-expr","locations":[{"start":{"line":27,"column":38},"end":{"line":27,"column":42}},{"start":{"line":27,"column":45},"end":{"line":27,"column":50}}]},"4":{"line":28,"type":"cond-expr","locations":[{"start":{"line":28,"column":34},"end":{"line":28,"column":61}},{"start":{"line":28,"column":64},"end":{"line":28,"column":92}}]},"5":{"line":34,"type":"cond-expr","locations":[{"start":{"line":34,"column":37},"end":{"line":34,"column":62}},{"start":{"line":34,"column":65},"end":{"line":34,"column":71}}]},"6":{"line":51,"type":"cond-expr","locations":[{"start":{"line":51,"column":35},"end":{"line":51,"column":62}},{"start":{"line":51,"column":65},"end":{"line":51,"column":98}}]},"7":{"line":54,"type":"if","locations":[{"start":{"line":54,"column":6},"end":{"line":54,"column":6}},{"start":{"line":54,"column":6},"end":{"line":54,"column":6}}]},"8":{"line":68,"type":"if","locations":[{"start":{"line":68,"column":8},"end":{"line":68,"column":8}},{"start":{"line":68,"column":8},"end":{"line":68,"column":8}}]},"9":{"line":76,"type":"if","locations":[{"start":{"line":76,"column":12},"end":{"line":76,"column":12}},{"start":{"line":76,"column":12},"end":{"line":76,"column":12}}]},"10":{"line":78,"type":"cond-expr","locations":[{"start":{"line":78,"column":76},"end":{"line":78,"column":139}},{"start":{"line":78,"column":142},"end":{"line":78,"column":222}}]},"11":{"line":89,"type":"if","locations":[{"start":{"line":89,"column":14},"end":{"line":89,"column":14}},{"start":{"line":89,"column":14},"end":{"line":89,"column":14}}]},"12":{"line":95,"type":"if","locations":[{"start":{"line":95,"column":18},"end":{"line":95,"column":18}},{"start":{"line":95,"column":18},"end":{"line":95,"column":18}}]},"13":{"line":110,"type":"if","locations":[{"start":{"line":110,"column":22},"end":{"line":110,"column":22}},{"start":{"line":110,"column":22},"end":{"line":110,"column":22}}]},"14":{"line":138,"type":"if","locations":[{"start":{"line":138,"column":4},"end":{"line":138,"column":4}},{"start":{"line":138,"column":4},"end":{"line":138,"column":4}}]},"15":{"line":143,"type":"if","locations":[{"start":{"line":143,"column":6},"end":{"line":143,"column":6}},{"start":{"line":143,"column":6},"end":{"line":143,"column":6}}]},"16":{"line":146,"type":"if","locations":[{"start":{"line":146,"column":8},"end":{"line":146,"column":8}},{"start":{"line":146,"column":8},"end":{"line":146,"column":8}}]},"17":{"line":152,"type":"if","locations":[{"start":{"line":152,"column":12},"end":{"line":152,"column":12}},{"start":{"line":152,"column":12},"end":{"line":152,"column":12}}]},"18":{"line":160,"type":"if","locations":[{"start":{"line":160,"column":16},"end":{"line":160,"column":16}},{"start":{"line":160,"column":16},"end":{"line":160,"column":16}}]},"19":{"line":162,"type":"cond-expr","locations":[{"start":{"line":162,"column":80},"end":{"line":162,"column":143}},{"start":{"line":162,"column":146},"end":{"line":162,"column":226}}]},"20":{"line":168,"type":"if","locations":[{"start":{"line":168,"column":18},"end":{"line":168,"column":18}},{"start":{"line":168,"column":18},"end":{"line":168,"column":18}}]},"21":{"line":173,"type":"if","locations":[{"start":{"line":173,"column":22},"end":{"line":173,"column":22}},{"start":{"line":173,"column":22},"end":{"line":173,"column":22}}]},"22":{"line":184,"type":"if","locations":[{"start":{"line":184,"column":20},"end":{"line":184,"column":20}},{"start":{"line":184,"column":20},"end":{"line":184,"column":20}}]},"23":{"line":189,"type":"if","locations":[{"start":{"line":189,"column":24},"end":{"line":189,"column":24}},{"start":{"line":189,"column":24},"end":{"line":189,"column":24}}]},"24":{"line":216,"type":"if","locations":[{"start":{"line":216,"column":6},"end":{"line":216,"column":6}},{"start":{"line":216,"column":6},"end":{"line":216,"column":6}}]},"25":{"line":218,"type":"if","locations":[{"start":{"line":218,"column":8},"end":{"line":218,"column":8}},{"start":{"line":218,"column":8},"end":{"line":218,"column":8}}]},"26":{"line":219,"type":"if","locations":[{"start":{"line":219,"column":10},"end":{"line":219,"column":10}},{"start":{"line":219,"column":10},"end":{"line":219,"column":10}}]},"27":{"line":227,"type":"if","locations":[{"start":{"line":227,"column":6},"end":{"line":227,"column":6}},{"start":{"line":227,"column":6},"end":{"line":227,"column":6}}]},"28":{"line":229,"type":"if","locations":[{"start":{"line":229,"column":8},"end":{"line":229,"column":8}},{"start":{"line":229,"column":8},"end":{"line":229,"column":8}}]},"29":{"line":230,"type":"if","locations":[{"start":{"line":230,"column":10},"end":{"line":230,"column":10}},{"start":{"line":230,"column":10},"end":{"line":230,"column":10}}]},"30":{"line":242,"type":"if","locations":[{"start":{"line":242,"column":6},"end":{"line":242,"column":6}},{"start":{"line":242,"column":6},"end":{"line":242,"column":6}}]},"31":{"line":252,"type":"cond-expr","locations":[{"start":{"line":252,"column":35},"end":{"line":252,"column":62}},{"start":{"line":252,"column":65},"end":{"line":252,"column":98}}]},"32":{"line":255,"type":"if","locations":[{"start":{"line":255,"column":6},"end":{"line":255,"column":6}},{"start":{"line":255,"column":6},"end":{"line":255,"column":6}}]},"33":{"line":268,"type":"if","locations":[{"start":{"line":268,"column":6},"end":{"line":268,"column":6}},{"start":{"line":268,"column":6},"end":{"line":268,"column":6}}]},"34":{"line":272,"type":"if","locations":[{"start":{"line":272,"column":10},"end":{"line":272,"column":10}},{"start":{"line":272,"column":10},"end":{"line":272,"column":10}}]},"35":{"line":273,"type":"if","locations":[{"start":{"line":273,"column":10},"end":{"line":273,"column":10}},{"start":{"line":273,"column":10},"end":{"line":273,"column":10}}]},"36":{"line":285,"type":"cond-expr","locations":[{"start":{"line":285,"column":35},"end":{"line":285,"column":62}},{"start":{"line":285,"column":65},"end":{"line":285,"column":98}}]},"37":{"line":289,"type":"if","locations":[{"start":{"line":289,"column":6},"end":{"line":289,"column":6}},{"start":{"line":289,"column":6},"end":{"line":289,"column":6}}]},"38":{"line":296,"type":"if","locations":[{"start":{"line":296,"column":10},"end":{"line":296,"column":10}},{"start":{"line":296,"column":10},"end":{"line":296,"column":10}}]}}}}