TN:
SF:/Users/misbach/git/social/controllers/routes.js
FN:18,(anonymous_1)
FN:23,(anonymous_2)
FN:25,(anonymous_3)
FN:50,(anonymous_4)
FN:53,(anonymous_5)
FN:63,(anonymous_6)
FN:67,(anonymous_7)
FN:75,(anonymous_8)
FN:88,(anonymous_9)
FN:93,(anonymous_10)
FN:109,(anonymous_11)
FN:136,(anonymous_12)
FN:142,(anonymous_13)
FN:151,(anonymous_14)
FN:159,(anonymous_15)
FN:166,(anonymous_16)
FN:172,(anonymous_17)
FN:182,(anonymous_18)
FN:188,(anonymous_19)
FN:210,(anonymous_20)
FN:215,(anonymous_21)
FN:226,(anonymous_22)
FN:239,(anonymous_23)
FN:241,(anonymous_24)
FN:251,(anonymous_25)
FN:254,(anonymous_26)
FN:264,(anonymous_27)
FN:267,(anonymous_28)
FN:271,(anonymous_29)
FN:284,(anonymous_30)
FN:288,(anonymous_31)
FN:295,(anonymous_32)
FNF:32
FNH:0
FNDA:0,(anonymous_1)
FNDA:0,(anonymous_2)
FNDA:0,(anonymous_3)
FNDA:0,(anonymous_4)
FNDA:0,(anonymous_5)
FNDA:0,(anonymous_6)
FNDA:0,(anonymous_7)
FNDA:0,(anonymous_8)
FNDA:0,(anonymous_9)
FNDA:0,(anonymous_10)
FNDA:0,(anonymous_11)
FNDA:0,(anonymous_12)
FNDA:0,(anonymous_13)
FNDA:0,(anonymous_14)
FNDA:0,(anonymous_15)
FNDA:0,(anonymous_16)
FNDA:0,(anonymous_17)
FNDA:0,(anonymous_18)
FNDA:0,(anonymous_19)
FNDA:0,(anonymous_20)
FNDA:0,(anonymous_21)
FNDA:0,(anonymous_22)
FNDA:0,(anonymous_23)
FNDA:0,(anonymous_24)
FNDA:0,(anonymous_25)
FNDA:0,(anonymous_26)
FNDA:0,(anonymous_27)
FNDA:0,(anonymous_28)
FNDA:0,(anonymous_29)
FNDA:0,(anonymous_30)
FNDA:0,(anonymous_31)
FNDA:0,(anonymous_32)
DA:2,1
DA:3,1
DA:4,1
DA:5,0
DA:8,0
DA:9,0
DA:10,0
DA:11,0
DA:12,0
DA:13,0
DA:15,0
DA:18,0
DA:19,0
DA:20,0
DA:23,0
DA:25,0
DA:26,0
DA:27,0
DA:28,0
DA:31,0
DA:32,0
DA:34,0
DA:35,0
DA:50,0
DA:51,0
DA:52,0
DA:53,0
DA:54,0
DA:55,0
DA:57,0
DA:63,0
DA:65,0
DA:68,0
DA:69,0
DA:72,0
DA:76,0
DA:77,0
DA:78,0
DA:80,0
DA:87,0
DA:88,0
DA:89,0
DA:90,0
DA:93,0
DA:94,0
DA:95,0
DA:96,0
DA:97,0
DA:105,0
DA:110,0
DA:111,0
DA:128,0
DA:136,0
DA:138,0
DA:140,0
DA:142,0
DA:143,0
DA:144,0
DA:146,0
DA:148,0
DA:152,0
DA:153,0
DA:156,0
DA:160,0
DA:161,0
DA:162,0
DA:165,0
DA:166,0
DA:168,0
DA:169,0
DA:170,0
DA:171,0
DA:172,0
DA:173,0
DA:176,0
DA:177,0
DA:181,0
DA:182,0
DA:184,0
DA:185,0
DA:186,0
DA:187,0
DA:188,0
DA:189,0
DA:192,0
DA:193,0
DA:198,0
DA:201,0
DA:210,0
DA:211,0
DA:212,0
DA:215,0
DA:216,0
DA:217,0
DA:218,0
DA:219,0
DA:222,0
DA:226,0
DA:227,0
DA:228,0
DA:229,0
DA:230,0
DA:233,0
DA:235,0
DA:239,0
DA:240,0
DA:241,0
DA:242,0
DA:243,0
DA:245,0
DA:251,0
DA:252,0
DA:253,0
DA:254,0
DA:255,0
DA:256,0
DA:258,0
DA:264,0
DA:265,0
DA:266,0
DA:267,0
DA:268,0
DA:269,0
DA:270,0
DA:271,0
DA:272,0
DA:273,0
DA:276,0
DA:277,0
DA:278,0
DA:284,0
DA:285,0
DA:288,0
DA:289,0
DA:290,0
DA:291,0
DA:292,0
DA:296,0
DA:297,0
DA:298,0
LF:140
LH:3
BRDA:19,1,0,0
BRDA:19,1,1,0
BRDA:26,2,0,0
BRDA:26,2,1,0
BRDA:27,3,0,0
BRDA:27,3,1,0
BRDA:28,4,0,0
BRDA:28,4,1,0
BRDA:34,5,0,0
BRDA:34,5,1,0
BRDA:51,6,0,0
BRDA:51,6,1,0
BRDA:54,7,0,0
BRDA:54,7,1,0
BRDA:68,8,0,0
BRDA:68,8,1,0
BRDA:76,9,0,0
BRDA:76,9,1,0
BRDA:78,10,0,0
BRDA:78,10,1,0
BRDA:89,11,0,0
BRDA:89,11,1,0
BRDA:95,12,0,0
BRDA:95,12,1,0
BRDA:110,13,0,0
BRDA:110,13,1,0
BRDA:138,14,0,0
BRDA:138,14,1,0
BRDA:143,15,0,0
BRDA:143,15,1,0
BRDA:146,16,0,0
BRDA:146,16,1,0
BRDA:152,17,0,0
BRDA:152,17,1,0
BRDA:160,18,0,0
BRDA:160,18,1,0
BRDA:162,19,0,0
BRDA:162,19,1,0
BRDA:168,20,0,0
BRDA:168,20,1,0
BRDA:173,21,0,0
BRDA:173,21,1,0
BRDA:184,22,0,0
BRDA:184,22,1,0
BRDA:189,23,0,0
BRDA:189,23,1,0
BRDA:216,24,0,0
BRDA:216,24,1,0
BRDA:218,25,0,0
BRDA:218,25,1,0
BRDA:219,26,0,0
BRDA:219,26,1,0
BRDA:227,27,0,0
BRDA:227,27,1,0
BRDA:229,28,0,0
BRDA:229,28,1,0
BRDA:230,29,0,0
BRDA:230,29,1,0
BRDA:242,30,0,0
BRDA:242,30,1,0
BRDA:252,31,0,0
BRDA:252,31,1,0
BRDA:255,32,0,0
BRDA:255,32,1,0
BRDA:268,33,0,0
BRDA:268,33,1,0
BRDA:272,34,0,0
BRDA:272,34,1,0
BRDA:273,35,0,0
BRDA:273,35,1,0
BRDA:285,36,0,0
BRDA:285,36,1,0
BRDA:289,37,0,0
BRDA:289,37,1,0
BRDA:296,38,0,0
BRDA:296,38,1,0
BRF:76
BRH:0
end_of_record
